{
  "build/test-output/buildLifecycle/remapCoverageReportOperation/test-build/test/browser/remapCoverageOperation.tests.bundle.js": {
    "path": "build/test-output/buildLifecycle/remapCoverageReportOperation/test-build/test/browser/remapCoverageOperation.tests.bundle.js",
    "s": {
      "1": 1,
      "2": 1,
      "3": 4,
      "4": 4,
      "5": 2,
      "6": 2,
      "7": 2,
      "8": 0,
      "9": 0,
      "10": 0,
      "11": 0,
      "12": 2,
      "13": 2,
      "14": 3,
      "15": 3,
      "16": 2,
      "17": 1,
      "18": 1,
      "19": 1,
      "20": 1,
      "21": 1,
      "22": 1,
      "23": 1,
      "24": 1,
      "25": 1,
      "26": 1,
      "27": 1,
      "28": 1,
      "29": 1,
      "30": 1,
      "31": 1,
      "32": 1,
      "33": 1,
      "34": 1
    },
    "b": {
      "1": [
        4,
        0
      ],
      "2": [
        2,
        2
      ],
      "3": [
        2,
        2
      ],
      "4": [
        2,
        0
      ],
      "5": [
        2,
        2
      ],
      "6": [
        0,
        0
      ],
      "7": [
        3,
        0
      ],
      "8": [
        1,
        1
      ],
      "9": [
        1,
        0
      ],
      "10": [
        1,
        1
      ]
    },
    "f": {
      "1": 1,
      "2": 4,
      "3": 3,
      "4": 1,
      "5": 1,
      "6": 1,
      "7": 1,
      "8": 1,
      "9": 1,
      "10": 1
    },
    "fnMap": {
      "1": {
        "name": "e",
        "line": 1,
        "loc": {
          "start": {
            "line": 1,
            "column": 1
          },
          "end": {
            "line": 1,
            "column": 18
          }
        }
      },
      "2": {
        "name": "s",
        "line": 1,
        "loc": {
          "start": {
            "line": 1,
            "column": 19
          },
          "end": {
            "line": 1,
            "column": 34
          }
        }
      },
      "3": {
        "name": "(anonymous_3)",
        "line": 1,
        "loc": {
          "start": {
            "line": 1,
            "column": 268
          },
          "end": {
            "line": 1,
            "column": 279
          }
        }
      },
      "4": {
        "name": "(anonymous_4)",
        "line": 1,
        "loc": {
          "start": {
            "line": 1,
            "column": 447
          },
          "end": {
            "line": 1,
            "column": 479
          }
        }
      },
      "5": {
        "name": "doSomething",
        "line": 8,
        "loc": {
          "start": {
            "line": 8,
            "column": 0
          },
          "end": {
            "line": 8,
            "column": 23
          }
        }
      },
      "6": {
        "name": "(anonymous_6)",
        "line": 16,
        "loc": {
          "start": {
            "line": 16,
            "column": 9
          },
          "end": {
            "line": 16,
            "column": 41
          }
        }
      },
      "7": {
        "name": "_interopRequireDefault",
        "line": 27,
        "loc": {
          "start": {
            "line": 27,
            "column": 0
          },
          "end": {
            "line": 27,
            "column": 37
          }
        }
      },
      "8": {
        "name": "(anonymous_8)",
        "line": 29,
        "loc": {
          "start": {
            "line": 29,
            "column": 31
          },
          "end": {
            "line": 29,
            "column": 43
          }
        }
      },
      "9": {
        "name": "(anonymous_9)",
        "line": 31,
        "loc": {
          "start": {
            "line": 31,
            "column": 37
          },
          "end": {
            "line": 31,
            "column": 49
          }
        }
      },
      "10": {
        "name": "(anonymous_10)",
        "line": 33,
        "loc": {
          "start": {
            "line": 33,
            "column": 47
          },
          "end": {
            "line": 33,
            "column": 59
          }
        }
      }
    },
    "statementMap": {
      "1": {
        "start": {
          "line": 1,
          "column": 0
        },
        "end": {
          "line": 42,
          "column": 1
        }
      },
      "2": {
        "start": {
          "line": 1,
          "column": 19
        },
        "end": {
          "line": 1,
          "column": 355
        }
      },
      "3": {
        "start": {
          "line": 1,
          "column": 35
        },
        "end": {
          "line": 1,
          "column": 335
        }
      },
      "4": {
        "start": {
          "line": 1,
          "column": 45
        },
        "end": {
          "line": 1,
          "column": 221
        }
      },
      "5": {
        "start": {
          "line": 1,
          "column": 55
        },
        "end": {
          "line": 1,
          "column": 97
        }
      },
      "6": {
        "start": {
          "line": 1,
          "column": 97
        },
        "end": {
          "line": 1,
          "column": 121
        }
      },
      "7": {
        "start": {
          "line": 1,
          "column": 106
        },
        "end": {
          "line": 1,
          "column": 121
        }
      },
      "8": {
        "start": {
          "line": 1,
          "column": 121
        },
        "end": {
          "line": 1,
          "column": 141
        }
      },
      "9": {
        "start": {
          "line": 1,
          "column": 126
        },
        "end": {
          "line": 1,
          "column": 141
        }
      },
      "10": {
        "start": {
          "line": 1,
          "column": 141
        },
        "end": {
          "line": 1,
          "column": 187
        }
      },
      "11": {
        "start": {
          "line": 1,
          "column": 187
        },
        "end": {
          "line": 1,
          "column": 220
        }
      },
      "12": {
        "start": {
          "line": 1,
          "column": 221
        },
        "end": {
          "line": 1,
          "column": 245
        }
      },
      "13": {
        "start": {
          "line": 1,
          "column": 245
        },
        "end": {
          "line": 1,
          "column": 334
        }
      },
      "14": {
        "start": {
          "line": 1,
          "column": 280
        },
        "end": {
          "line": 1,
          "column": 297
        }
      },
      "15": {
        "start": {
          "line": 1,
          "column": 297
        },
        "end": {
          "line": 1,
          "column": 312
        }
      },
      "16": {
        "start": {
          "line": 1,
          "column": 335
        },
        "end": {
          "line": 1,
          "column": 354
        }
      },
      "17": {
        "start": {
          "line": 1,
          "column": 355
        },
        "end": {
          "line": 1,
          "column": 397
        }
      },
      "18": {
        "start": {
          "line": 1,
          "column": 397
        },
        "end": {
          "line": 1,
          "column": 432
        }
      },
      "19": {
        "start": {
          "line": 1,
          "column": 424
        },
        "end": {
          "line": 1,
          "column": 432
        }
      },
      "20": {
        "start": {
          "line": 1,
          "column": 432
        },
        "end": {
          "line": 1,
          "column": 440
        }
      },
      "21": {
        "start": {
          "line": 4,
          "column": 0
        },
        "end": {
          "line": 6,
          "column": 3
        }
      },
      "22": {
        "start": {
          "line": 8,
          "column": 0
        },
        "end": {
          "line": 10,
          "column": 1
        }
      },
      "23": {
        "start": {
          "line": 9,
          "column": 1
        },
        "end": {
          "line": 9,
          "column": 15
        }
      },
      "24": {
        "start": {
          "line": 12,
          "column": 0
        },
        "end": {
          "line": 14,
          "column": 2
        }
      },
      "25": {
        "start": {
          "line": 19,
          "column": 0
        },
        "end": {
          "line": 19,
          "column": 28
        }
      },
      "26": {
        "start": {
          "line": 21,
          "column": 0
        },
        "end": {
          "line": 21,
          "column": 30
        }
      },
      "27": {
        "start": {
          "line": 23,
          "column": 0
        },
        "end": {
          "line": 23,
          "column": 40
        }
      },
      "28": {
        "start": {
          "line": 25,
          "column": 0
        },
        "end": {
          "line": 25,
          "column": 48
        }
      },
      "29": {
        "start": {
          "line": 27,
          "column": 0
        },
        "end": {
          "line": 27,
          "column": 95
        }
      },
      "30": {
        "start": {
          "line": 27,
          "column": 39
        },
        "end": {
          "line": 27,
          "column": 93
        }
      },
      "31": {
        "start": {
          "line": 29,
          "column": 0
        },
        "end": {
          "line": 37,
          "column": 3
        }
      },
      "32": {
        "start": {
          "line": 31,
          "column": 1
        },
        "end": {
          "line": 36,
          "column": 4
        }
      },
      "33": {
        "start": {
          "line": 33,
          "column": 2
        },
        "end": {
          "line": 35,
          "column": 5
        }
      },
      "34": {
        "start": {
          "line": 34,
          "column": 3
        },
        "end": {
          "line": 34,
          "column": 70
        }
      }
    },
    "branchMap": {
      "1": {
        "line": 1,
        "type": "if",
        "locations": [
          {
            "start": {
              "line": 1,
              "column": 35
            },
            "end": {
              "line": 1,
              "column": 35
            }
          },
          {
            "start": {
              "line": 1,
              "column": 35
            },
            "end": {
              "line": 1,
              "column": 35
            }
          }
        ]
      },
      "2": {
        "line": 1,
        "type": "if",
        "locations": [
          {
            "start": {
              "line": 1,
              "column": 45
            },
            "end": {
              "line": 1,
              "column": 45
            }
          },
          {
            "start": {
              "line": 1,
              "column": 45
            },
            "end": {
              "line": 1,
              "column": 45
            }
          }
        ]
      },
      "3": {
        "line": 1,
        "type": "binary-expr",
        "locations": [
          {
            "start": {
              "line": 1,
              "column": 61
            },
            "end": {
              "line": 1,
              "column": 87
            }
          },
          {
            "start": {
              "line": 1,
              "column": 89
            },
            "end": {
              "line": 1,
              "column": 96
            }
          }
        ]
      },
      "4": {
        "line": 1,
        "type": "if",
        "locations": [
          {
            "start": {
              "line": 1,
              "column": 97
            },
            "end": {
              "line": 1,
              "column": 97
            }
          },
          {
            "start": {
              "line": 1,
              "column": 97
            },
            "end": {
              "line": 1,
              "column": 97
            }
          }
        ]
      },
      "5": {
        "line": 1,
        "type": "binary-expr",
        "locations": [
          {
            "start": {
              "line": 1,
              "column": 100
            },
            "end": {
              "line": 1,
              "column": 102
            }
          },
          {
            "start": {
              "line": 1,
              "column": 104
            },
            "end": {
              "line": 1,
              "column": 105
            }
          }
        ]
      },
      "6": {
        "line": 1,
        "type": "if",
        "locations": [
          {
            "start": {
              "line": 1,
              "column": 121
            },
            "end": {
              "line": 1,
              "column": 121
            }
          },
          {
            "start": {
              "line": 1,
              "column": 121
            },
            "end": {
              "line": 1,
              "column": 121
            }
          }
        ]
      },
      "7": {
        "line": 1,
        "type": "cond-expr",
        "locations": [
          {
            "start": {
              "line": 1,
              "column": 308
            },
            "end": {
              "line": 1,
              "column": 309
            }
          },
          {
            "start": {
              "line": 1,
              "column": 310
            },
            "end": {
              "line": 1,
              "column": 311
            }
          }
        ]
      },
      "8": {
        "line": 1,
        "type": "binary-expr",
        "locations": [
          {
            "start": {
              "line": 1,
              "column": 361
            },
            "end": {
              "line": 1,
              "column": 387
            }
          },
          {
            "start": {
              "line": 1,
              "column": 389
            },
            "end": {
              "line": 1,
              "column": 396
            }
          }
        ]
      },
      "9": {
        "line": 27,
        "type": "cond-expr",
        "locations": [
          {
            "start": {
              "line": 27,
              "column": 70
            },
            "end": {
              "line": 27,
              "column": 73
            }
          },
          {
            "start": {
              "line": 27,
              "column": 76
            },
            "end": {
              "line": 27,
              "column": 92
            }
          }
        ]
      },
      "10": {
        "line": 27,
        "type": "binary-expr",
        "locations": [
          {
            "start": {
              "line": 27,
              "column": 46
            },
            "end": {
              "line": 27,
              "column": 49
            }
          },
          {
            "start": {
              "line": 27,
              "column": 53
            },
            "end": {
              "line": 27,
              "column": 67
            }
          }
        ]
      }
    },
    "l": {
      "1": 4,
      "4": 1,
      "8": 1,
      "9": 1,
      "12": 1,
      "19": 1,
      "21": 1,
      "23": 1,
      "25": 1,
      "27": 1,
      "29": 1,
      "31": 1,
      "33": 1,
      "34": 1
    }
  }
}
